This is pdfTeX, Version 3.141592653-2.6-1.40.24 (MiKTeX 22.7.30) (preloaded format=pdflatex 2022.8.12)  29 AUG 2022 14:15
entering extended mode
 restricted \write18 enabled.
 file:line:error style messages enabled.
 %&-line parsing enabled.
**d:/Nurul/BukuPanduan-OpenCV/main.tex
(d:/Nurul/BukuPanduan-OpenCV/main.tex
LaTeX2e <2022-06-01> patch level 5
L3 programming layer <2022-08-05> (C:\Users\Tikomdik\AppData\Local\Programs\MiKTeX\tex/latex/base\book.cls
Document Class: book 2021/10/04 v1.4n Standard LaTeX document class
(C:\Users\Tikomdik\AppData\Local\Programs\MiKTeX\tex/latex/base\bk11.clo
File: bk11.clo 2021/10/04 v1.4n Standard LaTeX file (size option)
)
\c@part=\count185
\c@chapter=\count186
\c@section=\count187
\c@subsection=\count188
\c@subsubsection=\count189
\c@paragraph=\count190
\c@subparagraph=\count191
\c@figure=\count192
\c@table=\count193
\abovecaptionskip=\skip47
\belowcaptionskip=\skip48
\bibindent=\dimen138
) (C:\Users\Tikomdik\AppData\Local\Programs\MiKTeX\tex/latex/base\fontenc.sty
Package: fontenc 2021/04/29 v2.0v Standard LaTeX package
) (C:\Users\Tikomdik\AppData\Local\Programs\MiKTeX\tex/latex/base\inputenc.sty
Package: inputenc 2021/02/14 v1.3d Input encoding file
\inpenc@prehook=\toks16
\inpenc@posthook=\toks17
) (C:\Users\Tikomdik\AppData\Local\Programs\MiKTeX\tex/latex/lm\lmodern.sty
Package: lmodern 2015/05/01 v1.6.1 Latin Modern Fonts
LaTeX Font Info:    Overwriting symbol font `operators' in version `normal'
(Font)                  OT1/cmr/m/n --> OT1/lmr/m/n on input line 22.
LaTeX Font Info:    Overwriting symbol font `letters' in version `normal'
(Font)                  OML/cmm/m/it --> OML/lmm/m/it on input line 23.
LaTeX Font Info:    Overwriting symbol font `symbols' in version `normal'
(Font)                  OMS/cmsy/m/n --> OMS/lmsy/m/n on input line 24.
LaTeX Font Info:    Overwriting symbol font `largesymbols' in version `normal'
(Font)                  OMX/cmex/m/n --> OMX/lmex/m/n on input line 25.
LaTeX Font Info:    Overwriting symbol font `operators' in version `bold'
(Font)                  OT1/cmr/bx/n --> OT1/lmr/bx/n on input line 26.
LaTeX Font Info:    Overwriting symbol font `letters' in version `bold'
(Font)                  OML/cmm/b/it --> OML/lmm/b/it on input line 27.
LaTeX Font Info:    Overwriting symbol font `symbols' in version `bold'
(Font)                  OMS/cmsy/b/n --> OMS/lmsy/b/n on input line 28.
LaTeX Font Info:    Overwriting symbol font `largesymbols' in version `bold'
(Font)                  OMX/cmex/m/n --> OMX/lmex/m/n on input line 29.
LaTeX Font Info:    Overwriting math alphabet `\mathbf' in version `normal'
(Font)                  OT1/cmr/bx/n --> OT1/lmr/bx/n on input line 31.
LaTeX Font Info:    Overwriting math alphabet `\mathsf' in version `normal'
(Font)                  OT1/cmss/m/n --> OT1/lmss/m/n on input line 32.
LaTeX Font Info:    Overwriting math alphabet `\mathit' in version `normal'
(Font)                  OT1/cmr/m/it --> OT1/lmr/m/it on input line 33.
LaTeX Font Info:    Overwriting math alphabet `\mathtt' in version `normal'
(Font)                  OT1/cmtt/m/n --> OT1/lmtt/m/n on input line 34.
LaTeX Font Info:    Overwriting math alphabet `\mathbf' in version `bold'
(Font)                  OT1/cmr/bx/n --> OT1/lmr/bx/n on input line 35.
LaTeX Font Info:    Overwriting math alphabet `\mathsf' in version `bold'
(Font)                  OT1/cmss/bx/n --> OT1/lmss/bx/n on input line 36.
LaTeX Font Info:    Overwriting math alphabet `\mathit' in version `bold'
(Font)                  OT1/cmr/bx/it --> OT1/lmr/bx/it on input line 37.
LaTeX Font Info:    Overwriting math alphabet `\mathtt' in version `bold'
(Font)                  OT1/cmtt/m/n --> OT1/lmtt/m/n on input line 38.
) (C:\Users\Tikomdik\AppData\Local\Programs\MiKTeX\tex/latex/enumitem\enumitem.sty
Package: enumitem 2019/06/20 v3.9 Customized lists
\enitkv@toks@=\toks18
\labelindent=\skip49
\enit@outerparindent=\dimen139
\enit@toks=\toks19
\enit@inbox=\box51
\enit@count@id=\count194
\enitdp@description=\count195
) (C:\Users\Tikomdik\AppData\Local\Programs\MiKTeX\tex/latex/hyperref\hyperref.sty
Package: hyperref 2022-06-20 v7.00s Hypertext links for LaTeX
 (C:\Users\Tikomdik\AppData\Local\Programs\MiKTeX\tex/generic/ltxcmds\ltxcmds.sty
Package: ltxcmds 2020-05-10 v1.25 LaTeX kernel commands for general use (HO)
) (C:\Users\Tikomdik\AppData\Local\Programs\MiKTeX\tex/generic/iftex\iftex.sty
Package: iftex 2022/02/03 v1.0f TeX engine tests
) (C:\Users\Tikomdik\AppData\Local\Programs\MiKTeX\tex/generic/pdftexcmds\pdftexcmds.sty
Package: pdftexcmds 2020-06-27 v0.33 Utility functions of pdfTeX for LuaTeX (HO)
 (C:\Users\Tikomdik\AppData\Local\Programs\MiKTeX\tex/generic/infwarerr\infwarerr.sty
Package: infwarerr 2019/12/03 v1.5 Providing info/warning/error messages (HO)
)
Package pdftexcmds Info: \pdf@primitive is available.
Package pdftexcmds Info: \pdf@ifprimitive is available.
Package pdftexcmds Info: \pdfdraftmode found.
) (C:\Users\Tikomdik\AppData\Local\Programs\MiKTeX\tex/latex/graphics\keyval.sty
Package: keyval 2022/05/29 v1.15 key=value parser (DPC)
\KV@toks@=\toks20
) (C:\Users\Tikomdik\AppData\Local\Programs\MiKTeX\tex/generic/kvsetkeys\kvsetkeys.sty
Package: kvsetkeys 2019/12/15 v1.18 Key value parser (HO)
) (C:\Users\Tikomdik\AppData\Local\Programs\MiKTeX\tex/generic/kvdefinekeys\kvdefinekeys.sty
Package: kvdefinekeys 2019-12-19 v1.6 Define keys (HO)
) (C:\Users\Tikomdik\AppData\Local\Programs\MiKTeX\tex/generic/pdfescape\pdfescape.sty
Package: pdfescape 2019/12/09 v1.15 Implements pdfTeX's escape features (HO)
) (C:\Users\Tikomdik\AppData\Local\Programs\MiKTeX\tex/latex/hycolor\hycolor.sty
Package: hycolor 2020-01-27 v1.10 Color options for hyperref/bookmark (HO)
) (C:\Users\Tikomdik\AppData\Local\Programs\MiKTeX\tex/latex/letltxmacro\letltxmacro.sty
Package: letltxmacro 2019/12/03 v1.6 Let assignment for LaTeX macros (HO)
) (C:\Users\Tikomdik\AppData\Local\Programs\MiKTeX\tex/latex/auxhook\auxhook.sty
Package: auxhook 2019-12-17 v1.6 Hooks for auxiliary files (HO)
) (C:\Users\Tikomdik\AppData\Local\Programs\MiKTeX\tex/latex/hyperref\nameref.sty
Package: nameref 2022-05-17 v2.50 Cross-referencing by name of section
 (C:\Users\Tikomdik\AppData\Local\Programs\MiKTeX\tex/latex/refcount\refcount.sty
Package: refcount 2019/12/15 v3.6 Data extraction from label references (HO)
) (C:\Users\Tikomdik\AppData\Local\Programs\MiKTeX\tex/generic/gettitlestring\gettitlestring.sty
Package: gettitlestring 2019/12/15 v1.6 Cleanup title references (HO)
 (C:\Users\Tikomdik\AppData\Local\Programs\MiKTeX\tex/latex/kvoptions\kvoptions.sty
Package: kvoptions 2022-06-15 v3.15 Key value format for package options (HO)
))
\c@section@level=\count196
)
\@linkdim=\dimen140
\Hy@linkcounter=\count197
\Hy@pagecounter=\count198
 (C:\Users\Tikomdik\AppData\Local\Programs\MiKTeX\tex/latex/hyperref\pd1enc.def
File: pd1enc.def 2022-06-20 v7.00s Hyperref: PDFDocEncoding definition (HO)
Now handling font encoding PD1 ...
... no UTF-8 mapping file for font encoding PD1
) (C:\Users\Tikomdik\AppData\Local\Programs\MiKTeX\tex/generic/intcalc\intcalc.sty
Package: intcalc 2019/12/15 v1.3 Expandable calculations with integers (HO)
) (C:\Users\Tikomdik\AppData\Local\Programs\MiKTeX\tex/generic/etexcmds\etexcmds.sty
Package: etexcmds 2019/12/15 v1.7 Avoid name clashes with e-TeX commands (HO)
)
\Hy@SavedSpaceFactor=\count199
 (C:\Users\Tikomdik\AppData\Local\Programs\MiKTeX\tex/latex/hyperref\puenc.def
File: puenc.def 2022-06-20 v7.00s Hyperref: PDF Unicode definition (HO)
Now handling font encoding PU ...
... no UTF-8 mapping file for font encoding PU
)
Package hyperref Info: Hyper figures OFF on input line 4162.
Package hyperref Info: Link nesting OFF on input line 4167.
Package hyperref Info: Hyper index ON on input line 4170.
Package hyperref Info: Plain pages OFF on input line 4177.
Package hyperref Info: Backreferencing OFF on input line 4182.
Package hyperref Info: Implicit mode ON; LaTeX internals redefined.
Package hyperref Info: Bookmarks ON on input line 4408.
\c@Hy@tempcnt=\count266
 (C:\Users\Tikomdik\AppData\Local\Programs\MiKTeX\tex/latex/url\url.sty
\Urlmuskip=\muskip16
Package: url 2013/09/16  ver 3.4  Verb mode for urls, etc.
)
LaTeX Info: Redefining \url on input line 4746.
\XeTeXLinkMargin=\dimen141
 (C:\Users\Tikomdik\AppData\Local\Programs\MiKTeX\tex/generic/bitset\bitset.sty
Package: bitset 2019/12/09 v1.3 Handle bit-vector datatype (HO)
 (C:\Users\Tikomdik\AppData\Local\Programs\MiKTeX\tex/generic/bigintcalc\bigintcalc.sty
Package: bigintcalc 2019/12/15 v1.5 Expandable calculations on big integers (HO)
))
\Fld@menulength=\count267
\Field@Width=\dimen142
\Fld@charsize=\dimen143
Package hyperref Info: Hyper figures OFF on input line 6024.
Package hyperref Info: Link nesting OFF on input line 6029.
Package hyperref Info: Hyper index ON on input line 6032.
Package hyperref Info: backreferencing OFF on input line 6039.
Package hyperref Info: Link coloring OFF on input line 6044.
Package hyperref Info: Link coloring with OCG OFF on input line 6049.
Package hyperref Info: PDF/A mode OFF on input line 6054.
 (C:\Users\Tikomdik\AppData\Local\Programs\MiKTeX\tex/latex/base\atbegshi-ltx.sty
Package: atbegshi-ltx 2021/01/10 v1.0c Emulation of the original atbegshi
package with kernel methods
)
\Hy@abspage=\count268
\c@Item=\count269
\c@Hfootnote=\count270
)
Package hyperref Info: Driver (autodetected): hpdftex.
 (C:\Users\Tikomdik\AppData\Local\Programs\MiKTeX\tex/latex/hyperref\hpdftex.def
File: hpdftex.def 2022-06-20 v7.00s Hyperref driver for pdfTeX
 (C:\Users\Tikomdik\AppData\Local\Programs\MiKTeX\tex/latex/base\atveryend-ltx.sty
Package: atveryend-ltx 2020/08/19 v1.0a Emulation of the original atveryend package
with kernel methods
)
\Fld@listcount=\count271
\c@bookmark@seq@number=\count272
 (C:\Users\Tikomdik\AppData\Local\Programs\MiKTeX\tex/latex/rerunfilecheck\rerunfilecheck.sty
Package: rerunfilecheck 2022-07-10 v1.10 Rerun checks for auxiliary files (HO)
 (C:\Users\Tikomdik\AppData\Local\Programs\MiKTeX\tex/generic/uniquecounter\uniquecounter.sty
Package: uniquecounter 2019/12/15 v1.4 Provide unlimited unique counter (HO)
)
Package uniquecounter Info: New unique counter `rerunfilecheck' on input line 285.
)
\Hy@SectionHShift=\skip50
) (C:\Users\Tikomdik\AppData\Local\Programs\MiKTeX\tex/latex/graphics\graphicx.sty
Package: graphicx 2021/09/16 v1.2d Enhanced LaTeX Graphics (DPC,SPQR)
 (C:\Users\Tikomdik\AppData\Local\Programs\MiKTeX\tex/latex/graphics\graphics.sty
Package: graphics 2022/03/10 v1.4e Standard LaTeX Graphics (DPC,SPQR)
 (C:\Users\Tikomdik\AppData\Local\Programs\MiKTeX\tex/latex/graphics\trig.sty
Package: trig 2021/08/11 v1.11 sin cos tan (DPC)
) (C:\Users\Tikomdik\AppData\Local\Programs\MiKTeX\tex/latex/graphics-cfg\graphics.cfg
File: graphics.cfg 2016/06/04 v1.11 sample graphics configuration
)
Package graphics Info: Driver file: pdftex.def on input line 107.
 (C:\Users\Tikomdik\AppData\Local\Programs\MiKTeX\tex/latex/graphics-def\pdftex.def
File: pdftex.def 2020/10/05 v1.2a Graphics/color driver for pdftex
))
\Gin@req@height=\dimen144
\Gin@req@width=\dimen145
) (C:\Users\Tikomdik\AppData\Local\Programs\MiKTeX\tex/generic/babel\babel.sty
Package: babel 2022/07/20 3.78 The Babel package
\babel@savecnt=\count273
\U@D=\dimen146
\l@unhyphenated=\language79
 (C:\Users\Tikomdik\AppData\Local\Programs\MiKTeX\tex/generic/babel\txtbabel.def)
\bbl@readstream=\read2
\bbl@dirlevel=\count274

*************************************
* Local config file bblopts.cfg used
*
(C:\Users\Tikomdik\AppData\Local\Programs\MiKTeX\tex/latex/arabi\bblopts.cfg
File: bblopts.cfg 2005/09/08 v0.1 add Arabic and Farsi to "declared" options of babel
) (C:\Users\Tikomdik\AppData\Local\Programs\MiKTeX\tex/latex/babel-english\english.ldf
Language: english 2017/06/06 v3.3r English support from the babel system
Package babel Info: Hyphen rules for 'canadian' set to \l@english
(babel)             (\language0). Reported on input line 102.
Package babel Info: Hyphen rules for 'australian' set to \l@ukenglish
(babel)             (\language73). Reported on input line 105.
Package babel Info: Hyphen rules for 'newzealand' set to \l@ukenglish
(babel)             (\language73). Reported on input line 108.
)) (C:\Users\Tikomdik\AppData\Local\Programs\MiKTeX\tex/generic/babel/locale/en\babel-english.tex
Package babel Info: Importing font and identification data for english
(babel)             from babel-en.ini. Reported on input line 11.
)
LaTeX Font Info:    Trying to load font information for T1+lmr on input line 60.
 (C:\Users\Tikomdik\AppData\Local\Programs\MiKTeX\tex/latex/lm\t1lmr.fd
File: t1lmr.fd 2015/05/01 v1.6.1 Font defs for Latin Modern
) (C:\Users\Tikomdik\AppData\Local\Programs\MiKTeX\tex/latex/l3backend\l3backend-pdftex.def
File: l3backend-pdftex.def 2022-08-05 L3 backend support: PDF output (pdfTeX)
\l__color_backend_stack_int=\count275
\l__pdf_internal_box=\box52
) (main.aux)
\openout1 = `main.aux'.

LaTeX Font Info:    Checking defaults for OML/cmm/m/it on input line 60.
LaTeX Font Info:    ... okay on input line 60.
LaTeX Font Info:    Checking defaults for OMS/cmsy/m/n on input line 60.
LaTeX Font Info:    ... okay on input line 60.
LaTeX Font Info:    Checking defaults for OT1/cmr/m/n on input line 60.
LaTeX Font Info:    ... okay on input line 60.
LaTeX Font Info:    Checking defaults for T1/cmr/m/n on input line 60.
LaTeX Font Info:    ... okay on input line 60.
LaTeX Font Info:    Checking defaults for TS1/cmr/m/n on input line 60.
LaTeX Font Info:    ... okay on input line 60.
LaTeX Font Info:    Checking defaults for OMX/cmex/m/n on input line 60.
LaTeX Font Info:    ... okay on input line 60.
LaTeX Font Info:    Checking defaults for U/cmr/m/n on input line 60.
LaTeX Font Info:    ... okay on input line 60.
LaTeX Font Info:    Checking defaults for PD1/pdf/m/n on input line 60.
LaTeX Font Info:    ... okay on input line 60.
LaTeX Font Info:    Checking defaults for PU/pdf/m/n on input line 60.
LaTeX Font Info:    ... okay on input line 60.
Package hyperref Info: Link coloring OFF on input line 60.
 (main.out) (main.out)
\@outlinefile=\write3
\openout3 = `main.out'.

 (C:\Users\Tikomdik\AppData\Local\Programs\MiKTeX\tex/context/base/mkii\supp-pdf.mkii
[Loading MPS to PDF converter (version 2006.09.02).]
\scratchcounter=\count276
\scratchdimen=\dimen147
\scratchbox=\box53
\nofMPsegments=\count277
\nofMParguments=\count278
\everyMPshowfont=\toks21
\MPscratchCnt=\count279
\MPscratchDim=\dimen148
\MPnumerator=\count280
\makeMPintoPDFobject=\count281
\everyMPtoPDFconversion=\toks22
) (C:\Users\Tikomdik\AppData\Local\Programs\MiKTeX\tex/latex/epstopdf-pkg\epstopdf-base.sty
Package: epstopdf-base 2020-01-24 v2.11 Base part for package epstopdf
 (C:\Users\Tikomdik\AppData\Local\Programs\MiKTeX\tex/latex/grfext\grfext.sty
Package: grfext 2019/12/03 v1.3 Manage graphics extensions (HO)
)
Package epstopdf-base Info: Redefining graphics rule for `.eps' on input line 485.
Package grfext Info: Graphics extension search list:
(grfext)             [.pdf,.png,.jpg,.mps,.jpeg,.jbig2,.jb2,.PDF,.PNG,.JPG,.JPEG,.JBIG2,.JB2,.eps]
(grfext)             \AppendGraphicsExtensions on input line 504.
 (C:\Users\Tikomdik\AppData\Local\Programs\MiKTeX\tex/latex/00miktex\epstopdf-sys.cfg
File: epstopdf-sys.cfg 2021/03/18 v2.0 Configuration of epstopdf for MiKTeX
))
LaTeX Font Info:    Trying to load font information for OT1+lmr on input line 64.
 (C:\Users\Tikomdik\AppData\Local\Programs\MiKTeX\tex/latex/lm\ot1lmr.fd
File: ot1lmr.fd 2015/05/01 v1.6.1 Font defs for Latin Modern
)
LaTeX Font Info:    Trying to load font information for OML+lmm on input line 64.
 (C:\Users\Tikomdik\AppData\Local\Programs\MiKTeX\tex/latex/lm\omllmm.fd
File: omllmm.fd 2015/05/01 v1.6.1 Font defs for Latin Modern
)
LaTeX Font Info:    Trying to load font information for OMS+lmsy on input line 64.
 (C:\Users\Tikomdik\AppData\Local\Programs\MiKTeX\tex/latex/lm\omslmsy.fd
File: omslmsy.fd 2015/05/01 v1.6.1 Font defs for Latin Modern
)
LaTeX Font Info:    Trying to load font information for OMX+lmex on input line 64.
 (C:\Users\Tikomdik\AppData\Local\Programs\MiKTeX\tex/latex/lm\omxlmex.fd
File: omxlmex.fd 2015/05/01 v1.6.1 Font defs for Latin Modern
)
LaTeX Font Info:    External font `lmex10' loaded for size
(Font)              <12> on input line 64.
LaTeX Font Info:    External font `lmex10' loaded for size
(Font)              <8> on input line 64.
LaTeX Font Info:    External font `lmex10' loaded for size
(Font)              <6> on input line 64.
 [1



{C:/Users/Tikomdik/AppData/Local/MiKTeX/fonts/map/pdftex/pdftex.map}] (main.toc
LaTeX Font Info:    External font `lmex10' loaded for size
(Font)              <10.95> on input line 3.
)
\tf@toc=\write4
\openout4 = `main.toc'.


pdfTeX warning (ext4): destination with the same identifier (name{page.i}) has been already used, duplicate ignored
<to be read again> 
                   \relax 
l.73 \listoffigures
                    [1

] (main.lof [2

])
\tf@lof=\write5
\openout5 = `main.lof'.

 [3]
 1.
(chapter/pengantar_AI_dalam_pengenalan_wajah.tex
LaTeX Font Info:    External font `lmex10' loaded for size
(Font)              <9> on input line 5.
LaTeX Font Info:    External font `lmex10' loaded for size
(Font)              <5> on input line 5.

Underfull \hbox (badness 10000) in paragraph at lines 2--7

 []

) (chapter/tentang_face_detection.tex
Overfull \hbox (10.56136pt too wide) in paragraph at lines 17--1
[]\T1/lmr/m/n/10.95 Computer Vi-sion adalah bagaimana kom-puter/mesin da-pat meli-hat, teknik
 []

[1


]
Underfull \hbox (badness 10000) in paragraph at lines 4--4
[][][]\T1/lmr/m/n/9 NUGROHO, Se-tyo, Drs. Agus Hard-joko, MSc.,PhD. \T1/lmr/m/it/9 Sis-tem pen-de-
 []


Underfull \hbox (badness 3271) in paragraph at lines 4--4
\T1/lmr/m/it/9 teksi wa-jah manu-sia pada citra dig-i-tal\T1/lmr/m/n/9 , Uni-ver-si-tas Ga-jah mada, di-ak-ses dari
 []


Underfull \hbox (badness 10000) in paragraph at lines 2--5

 []


Underfull \hbox (badness 10000) in paragraph at lines 6--9

 []

) (chapter/tentang_face_recognition.tex [2]) [3]
 2.
(chapter/model_algoritma_face_recognition_opencv.tex
Overfull \hbox (19.17155pt too wide) in paragraph at lines 1--3
\T1/lmr/m/n/10.95 Ada be-ber-apa model al-go-ritma yang su-dah dise-di-akan openCV un-tuk melakukan
 []


Underfull \hbox (badness 10000) in paragraph at lines 12--15

 []

[4

]
Overfull \hbox (17.55054pt too wide) in paragraph at lines 28--30
\T1/lmr/m/n/10.95 mem-be-dakan ob-jek den-gan back-ground. Lo-cal Bi-nary Pat-ter His-togram(LBPH)
 []

[5]
<images/algoritma_fisherface.PNG, id=273, 293.59688pt x 356.83313pt>
File: images/algoritma_fisherface.PNG Graphic file (type png)
<use images/algoritma_fisherface.PNG>
Package pdftex.def Info: images/algoritma_fisherface.PNG  used on input line 39.
(pdftex.def)             Requested size: 251.9989pt x 306.27701pt.
) [6 <./images/algoritma_fisherface.PNG>]
 3.
(chapter/proses_instalasi.tex
LaTeX Font Info:    Trying to load font information for T1+lmtt on input line 6.
 (C:\Users\Tikomdik\AppData\Local\Programs\MiKTeX\tex/latex/lm\t1lmtt.fd
File: t1lmtt.fd 2015/05/01 v1.6.1 Font defs for Latin Modern
)
<images/web_py.PNG, id=282, 956.07187pt x 680.5425pt>
File: images/web_py.PNG Graphic file (type png)
<use images/web_py.PNG>
Package pdftex.def Info: images/web_py.PNG  used on input line 9.
(pdftex.def)             Requested size: 323.9978pt x 230.62334pt.
<images/py_ver.PNG, id=283, 917.67844pt x 682.80093pt>
File: images/py_ver.PNG Graphic file (type png)
<use images/py_ver.PNG>
Package pdftex.def Info: images/py_ver.PNG  used on input line 15.
(pdftex.def)             Requested size: 323.9978pt x 241.06764pt.
<images/py_1.PNG, id=284, 624.83438pt x 383.18156pt>
File: images/py_1.PNG Graphic file (type png)
<use images/py_1.PNG>
Package pdftex.def Info: images/py_1.PNG  used on input line 21.
(pdftex.def)             Requested size: 323.9978pt x 198.69424pt.
<images/py_2.PNG, id=285, 619.56468pt x 375.65344pt>
File: images/py_2.PNG Graphic file (type png)
<use images/py_2.PNG>
Package pdftex.def Info: images/py_2.PNG  used on input line 27.
(pdftex.def)             Requested size: 323.9978pt x 196.44145pt.
<images/py_3.PNG, id=286, 622.57594pt x 382.42876pt>
File: images/py_3.PNG Graphic file (type png)
<use images/py_3.PNG>
Package pdftex.def Info: images/py_3.PNG  used on input line 33.
(pdftex.def)             Requested size: 323.9978pt x 199.02164pt.
 [7

 <./images/web_py.PNG>] [8 <./images/py_ver.PNG> <./images/py_1.PNG>]
<images/opencv_1.PNG, id=300, 264.23718pt x 20.32594pt>
File: images/opencv_1.PNG Graphic file (type png)
<use images/opencv_1.PNG>
Package pdftex.def Info: images/opencv_1.PNG  used on input line 41.
(pdftex.def)             Requested size: 251.9989pt x 19.38457pt.

Underfull \hbox (badness 10000) in paragraph at lines 38--45

 []

[9 <./images/py_2.PNG> <./images/py_3.PNG>]
<images/opencv_2.PNG, id=308, 529.98pt x 138.5175pt>
File: images/opencv_2.PNG Graphic file (type png)
<use images/opencv_2.PNG>
Package pdftex.def Info: images/opencv_2.PNG  used on input line 49.
(pdftex.def)             Requested size: 360.0pt x 94.09131pt.
<images/opencv_3.PNG, id=309, 589.4522pt x 116.68594pt>
File: images/opencv_3.PNG Graphic file (type png)
<use images/opencv_3.PNG>
Package pdftex.def Info: images/opencv_3.PNG  used on input line 51.
(pdftex.def)             Requested size: 360.0pt x 71.26555pt.
) (chapter/proses_face_detection.tex [10 <./images/opencv_1.PNG> <./images/opencv_2.PNG> <./images/opencv_3.PNG>]
Underfull \hbox (badness 10000) in paragraph at lines 3--4

 []

<images/1.PNG, id=317, 78.2925pt x 18.0675pt>
File: images/1.PNG Graphic file (type png)
<use images/1.PNG>
Package pdftex.def Info: images/1.PNG  used on input line 9.
(pdftex.def)             Requested size: 108.0011pt x 24.92433pt.
<images/2.PNG, id=318, 264.23718pt x 34.62938pt>
File: images/2.PNG Graphic file (type png)
<use images/2.PNG>
Package pdftex.def Info: images/2.PNG  used on input line 15.
(pdftex.def)             Requested size: 251.9989pt x 33.02557pt.
<images/3.PNG, id=319, 282.30469pt x 19.57312pt>
File: images/3.PNG Graphic file (type png)
<use images/3.PNG>
Package pdftex.def Info: images/3.PNG  used on input line 21.
(pdftex.def)             Requested size: 251.9989pt x 17.47227pt.
<images/4.PNG, id=320, 301.125pt x 27.85406pt>
File: images/4.PNG Graphic file (type png)
<use images/4.PNG>
Package pdftex.def Info: images/4.PNG  used on input line 28.
(pdftex.def)             Requested size: 251.9989pt x 23.31094pt.
<images/5.PNG, id=321, 300.3722pt x 17.31468pt>
File: images/5.PNG Graphic file (type png)
<use images/5.PNG>
Package pdftex.def Info: images/5.PNG  used on input line 34.
(pdftex.def)             Requested size: 251.9989pt x 14.52678pt.
<images/6.PNG, id=322, 347.04657pt x 51.19125pt>
File: images/6.PNG Graphic file (type png)
<use images/6.PNG>
Package pdftex.def Info: images/6.PNG  used on input line 40.
(pdftex.def)             Requested size: 270.0pt x 39.82745pt.
<images/full.PNG, id=323, 369.63094pt x 233.37187pt>
File: images/full.PNG Graphic file (type png)
<use images/full.PNG>
Package pdftex.def Info: images/full.PNG  used on input line 46.
(pdftex.def)             Requested size: 270.0pt x 170.47043pt.
<images/HASIL 1.PNG, id=324, 532.23843pt x 527.72156pt>
File: images/HASIL 1.PNG Graphic file (type png)
<use images/HASIL 1.PNG>
Package pdftex.def Info: images/HASIL 1.PNG  used on input line 51.
(pdftex.def)             Requested size: 118.80066pt x 117.7901pt.
<images/HASIL 2.PNG, id=325, 539.76656pt x 526.96875pt>
File: images/HASIL 2.PNG Graphic file (type png)
<use images/HASIL 2.PNG>
Package pdftex.def Info: images/HASIL 2.PNG  used on input line 52.
(pdftex.def)             Requested size: 122.39868pt x 119.49559pt.
) (chapter/proses_face_recognition.tex
Underfull \hbox (badness 10000) in paragraph at lines 5--1

 []


Overfull \hbox (11.2444pt too wide) in paragraph at lines 5--1
\T1/lmr/m/n/10.95 meng-gu-nakan \T1/lmr/bx/n/10.95 cv2.rectangle \T1/lmr/m/n/10.95 jika berben-tuk persegi. Dan fungsi \T1/lmr/bx/n/10.95 cv2.imshow
 []


LaTeX Warning: `!h' float specifier changed to `!ht'.

[11 <./images/1.PNG> <./images/2.PNG> <./images/3.PNG> <./images/4.PNG>] [12 <./images/5.PNG> <./images/6.PNG> <./images/full.PNG> <./images/HASIL 1.PNG> <./images/HASIL 2.PNG>]
Overfull \hbox (19.26361pt too wide) in paragraph at lines 3--7
\T1/lmr/m/n/10.95 Prose per-tama un-tuk melakukan pen-ge-nalan wa-jah yaitu den-gan mengumpulkan
 []

(chapter/Face Recognition/face_recognition_video.tex
<images/fr_1.PNG, id=343, 71.51718pt x 16.56187pt>
File: images/fr_1.PNG Graphic file (type png)
<use images/fr_1.PNG>
Package pdftex.def Info: images/fr_1.PNG  used on input line 9.
(pdftex.def)             Requested size: 108.0011pt x 25.01105pt.
<images/fr_2.PNG, id=344, 413.29407pt x 29.35968pt>
File: images/fr_2.PNG Graphic file (type png)
<use images/fr_2.PNG>
Package pdftex.def Info: images/fr_2.PNG  used on input line 17.
(pdftex.def)             Requested size: 306.0022pt x 21.73834pt.

Overfull \hbox (33.87633pt too wide) in paragraph at lines 13--20
\T1/lmr/m/n/10.95 meng-gu-nakan al-go-ritma \T1/lmr/m/it/10.95 haar-cas-cade\T1/lmr/m/n/10.95 . Den-gan fungsi \T1/lmr/bx/n/10.95 cv2.CascadeClassifier
 []


Overfull \hbox (55.47087pt too wide) in paragraph at lines 13--20
\T1/lmr/m/n/10.95 tuk mema-sukan video atau kam-era yang ter-hubung den-gan \T1/lmr/bx/n/10.95 cv2.VideoCapture()
 []


Underfull \hbox (badness 10000) in paragraph at lines 13--20

 []

<images/fr_3.PNG, id=345, 176.15813pt x 27.10126pt>
File: images/fr_3.PNG Graphic file (type png)
<use images/fr_3.PNG>
Package pdftex.def Info: images/fr_3.PNG  used on input line 25.
(pdftex.def)             Requested size: 161.9989pt x 24.92268pt.
[13 <./images/fr_1.PNG> <./images/fr_2.PNG> <./images/fr_3.PNG>]
<images/fr_4.PNG, id=354, 316.93407pt x 42.91031pt>
File: images/fr_4.PNG Graphic file (type png)
<use images/fr_4.PNG>
Package pdftex.def Info: images/fr_4.PNG  used on input line 33.
(pdftex.def)             Requested size: 306.0022pt x 41.4337pt.

Overfull \hbox (2.48778pt too wide) in paragraph at lines 29--36
\T1/lmr/m/n/10.95 den-gan fungsi \T1/lmr/bx/n/10.95 read()\T1/lmr/m/n/10.95 , dan un-tuk men-gubah warna citra men-jasi hitam-
 []

<images/fr_5.PNG, id=355, 402.75468pt x 89.58469pt>
File: images/fr_5.PNG Graphic file (type png)
<use images/fr_5.PNG>
Package pdftex.def Info: images/fr_5.PNG  used on input line 43.
(pdftex.def)             Requested size: 306.0022pt x 68.06454pt.

Overfull \hbox (5.92322pt too wide) in paragraph at lines 37--46
\T1/lmr/bx/n/10.95 tect-Mul-ti-Scale()\T1/lmr/m/n/10.95 . Pada baris se-lan-jut-nya ada fungsi mem-buat bingkai
 []


Overfull \hbox (6.76358pt too wide) in paragraph at lines 37--46
\T1/lmr/m/n/10.95 tori dataset yang telah di-ten-tukan, da \T1/lmr/bx/n/10.95 cv2.imshow \T1/lmr/m/n/10.95 un-tuk menampilkan
 []

<images/fr_6.PNG, id=356, 177.66376pt x 70.76437pt>
File: images/fr_6.PNG Graphic file (type png)
<use images/fr_6.PNG>
Package pdftex.def Info: images/fr_6.PNG  used on input line 50.
(pdftex.def)             Requested size: 180.0pt x 71.69711pt.
[14 <./images/fr_4.PNG> <./images/fr_5.PNG> <./images/fr_6.PNG>]
<images/fr_full.PNG, id=364, 430.60875pt x 344.03531pt>
File: images/fr_full.PNG Graphic file (type png)
<use images/fr_full.PNG>
Package pdftex.def Info: images/fr_full.PNG  used on input line 57.
(pdftex.def)             Requested size: 306.0022pt x 244.48726pt.
<images/dataset.PNG, id=365, 1324.19719pt x 635.37375pt>
File: images/dataset.PNG Graphic file (type png)
<use images/dataset.PNG>
Package pdftex.def Info: images/dataset.PNG  used on input line 64.
(pdftex.def)             Requested size: 431.9989pt x 207.27931pt.

Overfull \hbox (71.9989pt too wide) in paragraph at lines 64--65
 [][] 
 []

[15 <./images/fr_full.PNG> <./images/dataset.PNG>]
<images/train_1.PNG, id=373, 140.77594pt x 51.94406pt>
File: images/train_1.PNG Graphic file (type png)
<use images/train_1.PNG>
Package pdftex.def Info: images/train_1.PNG  used on input line 73.
(pdftex.def)             Requested size: 143.9978pt x 53.13599pt.
<images/train_2.PNG, id=374, 444.15938pt x 42.91031pt>
File: images/train_2.PNG Graphic file (type png)
<use images/train_2.PNG>
Package pdftex.def Info: images/train_2.PNG  used on input line 84.
(pdftex.def)             Requested size: 323.9978pt x 31.30133pt.
<images/train_3.PNG, id=375, 395.97937pt x 172.39406pt>
File: images/train_3.PNG Graphic file (type png)
<use images/train_3.PNG>
Package pdftex.def Info: images/train_3.PNG  used on input line 91.
(pdftex.def)             Requested size: 323.9978pt x 141.0589pt.

Overfull \hbox (40.05937pt too wide) in paragraph at lines 88--97
\T1/lmr/m/n/10.95 Memasukan di-rek-tori dataset pada vari-abel path meng-gu-nakan \T1/lmr/bx/n/10.95 os.path.join()
 []

[16 <./images/train_1.PNG> <./images/train_2.PNG> <./images/train_3.PNG>]
<images/train_4.PNG, id=384, 493.845pt x 91.84312pt>
File: images/train_4.PNG Graphic file (type png)
<use images/train_4.PNG>
Package pdftex.def Info: images/train_4.PNG  used on input line 101.
(pdftex.def)             Requested size: 323.9978pt x 60.25507pt.
<images/train_data.PNG, id=385, 454.69875pt x 59.47218pt>
File: images/train_data.PNG Graphic file (type png)
<use images/train_data.PNG>
Package pdftex.def Info: images/train_data.PNG  used on input line 111.
(pdftex.def)             Requested size: 323.9978pt x 42.37799pt.
<images/hasil_train.PNG, id=386, 470.50781pt x 57.96657pt>
File: images/hasil_train.PNG Graphic file (type png)
<use images/hasil_train.PNG>
Package pdftex.def Info: images/hasil_train.PNG  used on input line 118.
(pdftex.def)             Requested size: 360.0pt x 44.35222pt.
<images/recognition_1.PNG, id=387, 119.69719pt x 47.42719pt>
File: images/recognition_1.PNG Graphic file (type png)
<use images/recognition_1.PNG>
Package pdftex.def Info: images/recognition_1.PNG  used on input line 127.
(pdftex.def)             Requested size: 161.9989pt x 64.19327pt.
 [17 <./images/train_4.PNG> <./images/train_data.PNG> <./images/hasil_train.PNG> <./images/recognition_1.PNG>]
<images/recognition_2.PNG, id=397, 303.38344pt x 34.62938pt>
File: images/recognition_2.PNG Graphic file (type png)
<use images/recognition_2.PNG>
Package pdftex.def Info: images/recognition_2.PNG  used on input line 135.
(pdftex.def)             Requested size: 270.0pt x 30.81949pt.
<images/recognition_3.PNG, id=398, 313.17pt x 30.1125pt>
File: images/recognition_3.PNG Graphic file (type png)
<use images/recognition_3.PNG>
Package pdftex.def Info: images/recognition_3.PNG  used on input line 142.
(pdftex.def)             Requested size: 270.0pt x 25.96239pt.
<images/recognition_4.PNG, id=399, 196.48407pt x 42.1575pt>
File: images/recognition_4.PNG Graphic file (type png)
<use images/recognition_4.PNG>
Package pdftex.def Info: images/recognition_4.PNG  used on input line 149.
(pdftex.def)             Requested size: 180.0pt x 38.62325pt.
<images/recognition_5.PNG, id=400, 322.20375pt x 18.0675pt>
File: images/recognition_5.PNG Graphic file (type png)
<use images/recognition_5.PNG>
Package pdftex.def Info: images/recognition_5.PNG  used on input line 156.
(pdftex.def)             Requested size: 270.0pt x 15.14075pt.
<images/recognition_6.PNG, id=401, 243.15843pt x 52.69687pt>
File: images/recognition_6.PNG Graphic file (type png)
<use images/recognition_6.PNG>
Package pdftex.def Info: images/recognition_6.PNG  used on input line 163.
(pdftex.def)             Requested size: 270.0pt x 58.5135pt.
 [18 <./images/recognition_2.PNG> <./images/recognition_3.PNG> <./images/recognition_4.PNG> <./images/recognition_5.PNG> <./images/recognition_6.PNG>]
<images/recognition_7.PNG, id=411, 299.61937pt x 122.70844pt>
File: images/recognition_7.PNG Graphic file (type png)
<use images/recognition_7.PNG>
Package pdftex.def Info: images/recognition_7.PNG  used on input line 171.
(pdftex.def)             Requested size: 251.9989pt x 103.2073pt.
<images/recognition_8.PNG, id=412, 484.81125pt x 167.87718pt>
File: images/recognition_8.PNG Graphic file (type png)
<use images/recognition_8.PNG>
Package pdftex.def Info: images/recognition_8.PNG  used on input line 179.
(pdftex.def)             Requested size: 360.0pt x 124.66519pt.
<images/recognition_9.PNG, id=413, 169.38281pt x 49.68562pt>
File: images/recognition_9.PNG Graphic file (type png)
<use images/recognition_9.PNG>
Package pdftex.def Info: images/recognition_9.PNG  used on input line 189.
(pdftex.def)             Requested size: 161.9989pt x 47.521pt.
 [19 <./images/recognition_7.PNG> <./images/recognition_8.PNG> <./images/recognition_9.PNG>]
<images/Hasil_recog.PNG, id=421, 409.53pt x 385.44pt>
File: images/Hasil_recog.PNG Graphic file (type png)
<use images/Hasil_recog.PNG>
Package pdftex.def Info: images/Hasil_recog.PNG  used on input line 196.
(pdftex.def)             Requested size: 233.9978pt x 220.23828pt.
) (chapter/Face Recognition/face_recognition_camera.tex
<images/fr_cam1.PNG, id=422, 95.6072pt x 14.30344pt>
File: images/fr_cam1.PNG Graphic file (type png)
<use images/fr_cam1.PNG>
Package pdftex.def Info: images/fr_cam1.PNG  used on input line 9.
(pdftex.def)             Requested size: 108.0011pt x 16.15852pt.
<images/fr_cam2.PNG, id=423, 408.77719pt x 29.35968pt>
File: images/fr_cam2.PNG Graphic file (type png)
<use images/fr_cam2.PNG>
Package pdftex.def Info: images/fr_cam2.PNG  used on input line 17.
(pdftex.def)             Requested size: 323.9978pt x 23.27182pt.
<images/fr_cam3.PNG, id=424, 258.9675pt x 57.96657pt>
File: images/fr_cam3.PNG Graphic file (type png)
<use images/fr_cam3.PNG>
Package pdftex.def Info: images/fr_cam3.PNG  used on input line 25.
(pdftex.def)             Requested size: 251.9989pt x 56.4097pt.


LaTeX Warning: `!h' float specifier changed to `!ht'.

<images/fr_cam4.PNG, id=425, 455.45157pt x 204.765pt>
File: images/fr_cam4.PNG Graphic file (type png)
<use images/fr_cam4.PNG>
Package pdftex.def Info: images/fr_cam4.PNG  used on input line 32.
(pdftex.def)             Requested size: 323.9978pt x 145.66847pt.
[20 <./images/Hasil_recog.PNG> <./images/fr_cam1.PNG> <./images/fr_cam2.PNG>]
<images/fr_cam5.PNG, id=434, 496.10344pt x 121.95563pt>
File: images/fr_cam5.PNG Graphic file (type png)
<use images/fr_cam5.PNG>
Package pdftex.def Info: images/fr_cam5.PNG  used on input line 39.
(pdftex.def)             Requested size: 360.0pt x 88.49835pt.
<images/fr_cam6.PNG, id=435, 1301.61281pt x 309.40594pt>
File: images/fr_cam6.PNG Graphic file (type png)
<use images/fr_cam6.PNG>
Package pdftex.def Info: images/fr_cam6.PNG  used on input line 41.
(pdftex.def)             Requested size: 396.0022pt x 94.13025pt.

Overfull \hbox (36.0022pt too wide) in paragraph at lines 41--42
 [][] 
 []

[21 <./images/fr_cam3.PNG> <./images/fr_cam4.PNG> <./images/fr_cam5.PNG> <./images/fr_cam6.PNG>]
<images/fr_cam7.PNG, id=445, 140.77594pt x 37.64063pt>
File: images/fr_cam7.PNG Graphic file (type png)
<use images/fr_cam7.PNG>
Package pdftex.def Info: images/fr_cam7.PNG  used on input line 54.
(pdftex.def)             Requested size: 143.9978pt x 38.50433pt.
<images/fr_cam8.PNG, id=446, 444.15938pt x 66.2475pt>
File: images/fr_cam8.PNG Graphic file (type png)
<use images/fr_cam8.PNG>
Package pdftex.def Info: images/fr_cam8.PNG  used on input line 65.
(pdftex.def)             Requested size: 323.9978pt x 48.32487pt.
<images/fr_cam9.PNG, id=447, 108.405pt x 55.70813pt>
File: images/fr_cam9.PNG Graphic file (type png)
<use images/fr_cam9.PNG>
Package pdftex.def Info: images/fr_cam9.PNG  used on input line 72.
(pdftex.def)             Requested size: 108.0011pt x 55.50311pt.
 [22 <./images/fr_cam7.PNG> <./images/fr_cam8.PNG> <./images/fr_cam9.PNG>]
<images/fr_cam10.PNG, id=459, 271.76532pt x 66.2475pt>
File: images/fr_cam10.PNG Graphic file (type png)
<use images/fr_cam10.PNG>
Package pdftex.def Info: images/fr_cam10.PNG  used on input line 82.
(pdftex.def)             Requested size: 251.9989pt x 61.43161pt.
<images/fr_cam11.PNG, id=460, 337.26pt x 113.67468pt>
File: images/fr_cam11.PNG Graphic file (type png)
<use images/fr_cam11.PNG>
Package pdftex.def Info: images/fr_cam11.PNG  used on input line 91.
(pdftex.def)             Requested size: 288.0011pt x 97.07317pt.
<images/fr_cam12.PNG, id=461, 216.05719pt x 52.69687pt>
File: images/fr_cam12.PNG Graphic file (type png)
<use images/fr_cam12.PNG>
Package pdftex.def Info: images/fr_cam12.PNG  used on input line 98.
(pdftex.def)             Requested size: 180.0pt x 43.90402pt.
 [23 <./images/fr_cam10.PNG> <./images/fr_cam11.PNG> <./images/fr_cam12.PNG>]
<images/fr_cam13.PNG, id=469, 310.15875pt x 76.78688pt>
File: images/fr_cam13.PNG Graphic file (type png)
<use images/fr_cam13.PNG>
Package pdftex.def Info: images/fr_cam13.PNG  used on input line 105.
(pdftex.def)             Requested size: 251.9989pt x 62.388pt.
<images/fr_cam14.PNG, id=470, 476.53032pt x 526.96875pt>
File: images/fr_cam14.PNG Graphic file (type png)
<use images/fr_cam14.PNG>
Package pdftex.def Info: images/fr_cam14.PNG  used on input line 112.
(pdftex.def)             Requested size: 360.0pt x 398.12834pt.
 [24 <./images/fr_cam13.PNG> <./images/fr_cam14.PNG>])) [25] (main.aux)
Package rerunfilecheck Info: File `main.out' has not changed.
(rerunfilecheck)             Checksum: 9A120366FCDEE4EE085274A5CD722073;2832.
 ) 
Here is how much of TeX's memory you used:
 10546 strings out of 477992
 175403 string characters out of 2826050
 476922 words of memory out of 3000000
 28942 multiletter control sequences out of 15000+600000
 548807 words of font info for 68 fonts, out of 8000000 for 9000
 1141 hyphenation exceptions out of 8191
 72i,8n,77p,444b,593s stack positions out of 10000i,1000n,20000p,200000b,80000s
{C:/Users/Tikomdik/AppData/Local/Programs/MiKTeX/fonts/enc/dvips/lm/lm-ec.enc}<C:/Users/Tikomdik/AppData/Local/Programs/MiKTeX/fonts/type1/public/lm/lmbx10.pfb><C:/Users/Tikomdik/AppData/Local/Programs/MiKTeX/fonts/type1/public/lm/lmbx12.pfb><C:/Users/Tikomdik/AppData/Local/Programs/MiKTeX/fonts/type1/public/lm/lmcsc10.pfb><C:/Users/Tikomdik/AppData/Local/Programs/MiKTeX/fonts/type1/public/lm/lmr10.pfb><C:/Users/Tikomdik/AppData/Local/Programs/MiKTeX/fonts/type1/public/lm/lmr12.pfb><C:/Users/Tikomdik/AppData/Local/Programs/MiKTeX/fonts/type1/public/lm/lmr17.pfb><C:/Users/Tikomdik/AppData/Local/Programs/MiKTeX/fonts/type1/public/lm/lmr6.pfb><C:/Users/Tikomdik/AppData/Local/Programs/MiKTeX/fonts/type1/public/lm/lmr8.pfb><C:/Users/Tikomdik/AppData/Local/Programs/MiKTeX/fonts/type1/public/lm/lmr9.pfb><C:/Users/Tikomdik/AppData/Local/Programs/MiKTeX/fonts/type1/public/lm/lmri10.pfb><C:/Users/Tikomdik/AppData/Local/Programs/MiKTeX/fonts/type1/public/lm/lmri9.pfb><C:/Users/Tikomdik/AppData/Local/Programs/MiKTeX/fonts/type1/public/lm/lmro10.pfb><C:/Users/Tikomdik/AppData/Local/Programs/MiKTeX/fonts/type1/public/lm/lmtt10.pfb>
Output written on main.pdf (29 pages, 3664142 bytes).
PDF statistics:
 567 PDF objects out of 1000 (max. 8388607)
 133 named destinations out of 1000 (max. 500000)
 409 words of extra memory for PDF output out of 10000 (max. 10000000)

